# JRE version: Java(TM) SE Runtime Environment (8.0_181-b13) (build 1.8.0_181-b13)
# Java VM: Java HotSpot(TM) 64-Bit Server VM (25.181-b13 mixed mode windows-amd64 compressed oops)
Heap:
 PSYoungGen      total 306176K, used 69042K [0x00000000ece00000, 0x0000000100000000, 0x0000000100000000)
  eden space 299008K, 20% used [0x00000000ece00000,0x00000000f0a71560,0x00000000ff200000)
  from space 7168K, 99% used [0x00000000ff200000,0x00000000ff8fb490,0x00000000ff900000)
  to   space 7168K, 0% used [0x00000000ff900000,0x00000000ff900000,0x0000000100000000)
 ParOldGen       total 81408K, used 61782K [0x00000000c6a00000, 0x00000000cb980000, 0x00000000ece00000)
  object space 81408K, 75% used [0x00000000c6a00000,0x00000000ca6558a8,0x00000000cb980000)
 Metaspace       used 70469K, capacity 74686K, committed 75008K, reserved 1116160K
  class space    used 7507K, capacity 8630K, committed 8704K, reserved 1048576K
GC Heap History (10 events):
Event: 17102.698 GC heap before
{Heap before GC invocations=471 (full 43):
 PSYoungGen      total 305152K, used 297984K [0x00000000ece00000, 0x0000000100000000, 0x0000000100000000)
  eden space 297984K, 100% used [0x00000000ece00000,0x00000000ff100000,0x00000000ff100000)
  from space 7168K, 0% used [0x00000000ff100000,0x00000000ff100000,0x00000000ff800000)
  to   space 7168K, 0% used [0x00000000ff900000,0x00000000ff900000,0x0000000100000000)
 ParOldGen       total 81408K, used 60868K [0x00000000c6a00000, 0x00000000cb980000, 0x00000000ece00000)
  object space 81408K, 74% used [0x00000000c6a00000,0x00000000ca5712a0,0x00000000cb980000)
 Metaspace       used 69118K, capacity 73216K, committed 73344K, reserved 1114112K
  class space    used 7399K, capacity 8458K, committed 8576K, reserved 1048576K
Event: 17102.704 GC heap after
Heap after GC invocations=471 (full 43):
 PSYoungGen      total 306176K, used 4121K [0x00000000ece00000, 0x0000000100000000, 0x0000000100000000)
  eden space 299008K, 0% used [0x00000000ece00000,0x00000000ece00000,0x00000000ff200000)
  from space 7168K, 57% used [0x00000000ff900000,0x00000000ffd06458,0x0000000100000000)
  to   space 7168K, 0% used [0x00000000ff200000,0x00000000ff200000,0x00000000ff900000)
 ParOldGen       total 81408K, used 60868K [0x00000000c6a00000, 0x00000000cb980000, 0x00000000ece00000)
  object space 81408K, 74% used [0x00000000c6a00000,0x00000000ca5712a0,0x00000000cb980000)
 Metaspace       used 69118K, capacity 73216K, committed 73344K, reserved 1114112K
  class space    used 7399K, capacity 8458K, committed 8576K, reserved 1048576K
}
Event: 17129.041 GC heap before
{Heap before GC invocations=472 (full 43):
 PSYoungGen      total 306176K, used 182225K [0x00000000ece00000, 0x0000000100000000, 0x0000000100000000)
  eden space 299008K, 59% used [0x00000000ece00000,0x00000000f7bee038,0x00000000ff200000)
  from space 7168K, 57% used [0x00000000ff900000,0x00000000ffd06458,0x0000000100000000)
  to   space 7168K, 0% used [0x00000000ff200000,0x00000000ff200000,0x00000000ff900000)
 ParOldGen       total 81408K, used 60868K [0x00000000c6a00000, 0x00000000cb980000, 0x00000000ece00000)
  object space 81408K, 74% used [0x00000000c6a00000,0x00000000ca5712a0,0x00000000cb980000)
 Metaspace       used 69864K, capacity 74054K, committed 74240K, reserved 1114112K
  class space    used 7451K, capacity 8588K, committed 8704K, reserved 1048576K
Event: 17129.045 GC heap after
Heap after GC invocations=472 (full 43):
 PSYoungGen      total 306176K, used 1810K [0x00000000ece00000, 0x0000000100000000, 0x0000000100000000)
  eden space 299008K, 0% used [0x00000000ece00000,0x00000000ece00000,0x00000000ff200000)
  from space 7168K, 25% used [0x00000000ff200000,0x00000000ff3c4b90,0x00000000ff900000)
  to   space 7168K, 0% used [0x00000000ff900000,0x00000000ff900000,0x0000000100000000)
 ParOldGen       total 81408K, used 60868K [0x00000000c6a00000, 0x00000000cb980000, 0x00000000ece00000)
  object space 81408K, 74% used [0x00000000c6a00000,0x00000000ca5712a0,0x00000000cb980000)
 Metaspace       used 69864K, capacity 74054K, committed 74240K, reserved 1114112K
  class space    used 7451K, capacity 8588K, committed 8704K, reserved 1048576K
}
Event: 17129.045 GC heap before
{Heap before GC invocations=473 (full 44):
 PSYoungGen      total 306176K, used 1810K [0x00000000ece00000, 0x0000000100000000, 0x0000000100000000)
  eden space 299008K, 0% used [0x00000000ece00000,0x00000000ece00000,0x00000000ff200000)
  from space 7168K, 25% used [0x00000000ff200000,0x00000000ff3c4b90,0x00000000ff900000)
  to   space 7168K, 0% used [0x00000000ff900000,0x00000000ff900000,0x0000000100000000)
 ParOldGen       total 81408K, used 60868K [0x00000000c6a00000, 0x00000000cb980000, 0x00000000ece00000)
  object space 81408K, 74% used [0x00000000c6a00000,0x00000000ca5712a0,0x00000000cb980000)
 Metaspace       used 69864K, capacity 74054K, committed 74240K, reserved 1114112K
  class space    used 7451K, capacity 8588K, committed 8704K, reserved 1048576K
Event: 17129.217 GC heap after
Heap after GC invocations=473 (full 44):
 PSYoungGen      total 306176K, used 0K [0x00000000ece00000, 0x0000000100000000, 0x0000000100000000)
  eden space 299008K, 0% used [0x00000000ece00000,0x00000000ece00000,0x00000000ff200000)
  from space 7168K, 0% used [0x00000000ff200000,0x00000000ff200000,0x00000000ff900000)
  to   space 7168K, 0% used [0x00000000ff900000,0x00000000ff900000,0x0000000100000000)
 ParOldGen       total 81408K, used 61760K [0x00000000c6a00000, 0x00000000cb980000, 0x00000000ece00000)
  object space 81408K, 75% used [0x00000000c6a00000,0x00000000ca650018,0x00000000cb980000)
 Metaspace       used 69864K, capacity 74054K, committed 74240K, reserved 1114112K
  class space    used 7451K, capacity 8588K, committed 8704K, reserved 1048576K
}
Event: 17132.465 GC heap before
{Heap before GC invocations=474 (full 44):
 PSYoungGen      total 306176K, used 299008K [0x00000000ece00000, 0x0000000100000000, 0x0000000100000000)
  eden space 299008K, 100% used [0x00000000ece00000,0x00000000ff200000,0x00000000ff200000)
  from space 7168K, 0% used [0x00000000ff200000,0x00000000ff200000,0x00000000ff900000)
  to   space 7168K, 0% used [0x00000000ff900000,0x00000000ff900000,0x0000000100000000)
 ParOldGen       total 81408K, used 61760K [0x00000000c6a00000, 0x00000000cb980000, 0x00000000ece00000)
  object space 81408K, 75% used [0x00000000c6a00000,0x00000000ca650018,0x00000000cb980000)
 Metaspace       used 69988K, capacity 74226K, committed 74496K, reserved 1116160K
  class space    used 7463K, capacity 8628K, committed 8704K, reserved 1048576K
Event: 17132.471 GC heap after
Heap after GC invocations=474 (full 44):
 PSYoungGen      total 306176K, used 4057K [0x00000000ece00000, 0x0000000100000000, 0x0000000100000000)
  eden space 299008K, 0% used [0x00000000ece00000,0x00000000ece00000,0x00000000ff200000)
  from space 7168K, 56% used [0x00000000ff900000,0x00000000ffcf6458,0x0000000100000000)
  to   space 7168K, 0% used [0x00000000ff200000,0x00000000ff200000,0x00000000ff900000)
 ParOldGen       total 81408K, used 61760K [0x00000000c6a00000, 0x00000000cb980000, 0x00000000ece00000)
  object space 81408K, 75% used [0x00000000c6a00000,0x00000000ca650018,0x00000000cb980000)
 Metaspace       used 69988K, capacity 74226K, committed 74496K, reserved 1116160K
  class space    used 7463K, capacity 8628K, committed 8704K, reserved 1048576K
}
Event: 17272.745 GC heap before
{Heap before GC invocations=475 (full 44):
 PSYoungGen      total 306176K, used 303065K [0x00000000ece00000, 0x0000000100000000, 0x0000000100000000)
  eden space 299008K, 100% used [0x00000000ece00000,0x00000000ff200000,0x00000000ff200000)
  from space 7168K, 56% used [0x00000000ff900000,0x00000000ffcf6458,0x0000000100000000)
  to   space 7168K, 0% used [0x00000000ff200000,0x00000000ff200000,0x00000000ff900000)
 ParOldGen       total 81408K, used 61760K [0x00000000c6a00000, 0x00000000cb980000, 0x00000000ece00000)
  object space 81408K, 75% used [0x00000000c6a00000,0x00000000ca650018,0x00000000cb980000)
 Metaspace       used 70397K, capacity 74686K, committed 75008K, reserved 1116160K
  class space    used 7487K, capacity 8630K, committed 8704K, reserved 1048576K
Event: 17272.756 GC heap after
Heap after GC invocations=475 (full 44):
 PSYoungGen      total 306176K, used 7149K [0x00000000ece00000, 0x0000000100000000, 0x0000000100000000)
  eden space 299008K, 0% used [0x00000000ece00000,0x00000000ece00000,0x00000000ff200000)
  from space 7168K, 99% used [0x00000000ff200000,0x00000000ff8fb490,0x00000000ff900000)
  to   space 7168K, 0% used [0x00000000ff900000,0x00000000ff900000,0x0000000100000000)
 ParOldGen       total 81408K, used 61782K [0x00000000c6a00000, 0x00000000cb980000, 0x00000000ece00000)
  object space 81408K, 75% used [0x00000000c6a00000,0x00000000ca6558a8,0x00000000cb980000)
 Metaspace       used 70397K, capacity 74686K, committed 75008K, reserved 1116160K
  class space    used 7487K, capacity 8630K, committed 8704K, reserved 1048576K
}

